c:\users\javal\development\graphics\tiger\tiger\vendor\imgui\bin-int\debug-windows-x86_64\imgui\imgui.pdb
c:\users\javal\development\graphics\tiger\tiger\vendor\imgui\bin-int\debug-windows-x86_64\imgui\imgui.idb
c:\users\javal\development\graphics\tiger\tiger\vendor\imgui\bin-int\debug-windows-x86_64\imgui\imgui_widgets.obj
c:\users\javal\development\graphics\tiger\tiger\vendor\imgui\bin-int\debug-windows-x86_64\imgui\imgui_draw.obj
c:\users\javal\development\graphics\tiger\tiger\vendor\imgui\bin-int\debug-windows-x86_64\imgui\imgui_demo.obj
c:\users\javal\development\graphics\tiger\tiger\vendor\imgui\bin-int\debug-windows-x86_64\imgui\imgui.obj
c:\users\javal\onedrive\tiger\tiger\vendor\imgui\bin-int\debug-windows-x86_64\imgui\imgui.pdb
c:\users\javal\onedrive\tiger\tiger\vendor\imgui\bin-int\debug-windows-x86_64\imgui\imgui.idb
c:\users\javal\onedrive\tiger\tiger\vendor\imgui\bin-int\debug-windows-x86_64\imgui\imgui_widgets.obj
c:\users\javal\onedrive\tiger\tiger\vendor\imgui\bin-int\debug-windows-x86_64\imgui\imgui_draw.obj
c:\users\javal\onedrive\tiger\tiger\vendor\imgui\bin-int\debug-windows-x86_64\imgui\imgui_demo.obj
c:\users\javal\onedrive\tiger\tiger\vendor\imgui\bin-int\debug-windows-x86_64\imgui\imgui.obj
c:\users\javal\sync\tiger\tiger\vendor\imgui\bin-int\debug-windows-x86_64\imgui\imgui.pdb
c:\users\javal\sync\tiger\tiger\vendor\imgui\bin-int\debug-windows-x86_64\imgui\imgui.idb
c:\users\javal\sync\tiger\tiger\vendor\imgui\bin-int\debug-windows-x86_64\imgui\imgui_widgets.obj
c:\users\javal\sync\tiger\tiger\vendor\imgui\bin-int\debug-windows-x86_64\imgui\imgui_draw.obj
c:\users\javal\sync\tiger\tiger\vendor\imgui\bin-int\debug-windows-x86_64\imgui\imgui_demo.obj
c:\users\javal\sync\tiger\tiger\vendor\imgui\bin-int\debug-windows-x86_64\imgui\imgui.obj
c:\users\javal\development\graphics\tiger\tiger\vendor\imgui\bin\debug-windows-x86_64\imgui\imgui.lib
c:\users\javal\onedrive\tiger\tiger\vendor\imgui\bin\debug-windows-x86_64\imgui\imgui.lib
c:\users\javal\sync\tiger\tiger\vendor\imgui\bin\debug-windows-x86_64\imgui\imgui.lib
c:\users\javal\sync\tiger\tiger\vendor\imgui\bin-int\debug-windows-x86_64\imgui\imgui.tlog\cl.command.1.tlog
c:\users\javal\sync\tiger\tiger\vendor\imgui\bin-int\debug-windows-x86_64\imgui\imgui.tlog\cl.read.1.tlog
c:\users\javal\sync\tiger\tiger\vendor\imgui\bin-int\debug-windows-x86_64\imgui\imgui.tlog\cl.write.1.tlog
c:\users\javal\sync\tiger\tiger\vendor\imgui\bin-int\debug-windows-x86_64\imgui\imgui.tlog\lib-link.read.1.tlog
c:\users\javal\sync\tiger\tiger\vendor\imgui\bin-int\debug-windows-x86_64\imgui\imgui.tlog\lib-link.write.1.tlog
c:\users\javal\sync\tiger\tiger\vendor\imgui\bin-int\debug-windows-x86_64\imgui\imgui.tlog\lib.command.1.tlog
